641160025
645792996
646170378
642231925
644793029
573435640
559935336
85424165
525306319
349476999
520556928
646152873
645226264
644655255
644985390
645480438
645117265
646025059
645356006
643865918
642019121
345736039
645692967
645883522
646123430
646210117
641730068
644242992
645539260
643134151
646146528
644227151
646242640
646181750
639991021
644353889
556570894
646158956
602675068
344601083
337455049
578317029
556435264
526394935
640435960
346379319
346601220
520789427
112711154
121562576
107301822
296692083
645827877
645550181
645753864
645509842
645869332
640829194
638580593
644960591
643351986
645926338
645315696
645419755
645491386
644133409
645593725
645603683
645518626
645502468
645829938
646169558
646399104
645486617
645343451
645620371
645397449
646172562
646091799
645969646
646136490
646320090
646021218
645309020
640591890
645816479
645489166
645579060
645693626
645716724
645683823
645689995
645644586
645322602
645363248
645366010
645339663
645745426
645744386
646070921
